#! /usr/bin/vvp
:ivl_version "10.3 (stable)";
:ivl_delay_selection "TYPICAL";
:vpi_time_precision - 12;
:vpi_module "system";
:vpi_module "vhdl_sys";
:vpi_module "v2005_math";
:vpi_module "va_math";
S_0x5d58100820e0 .scope module, "fft_tb" "fft_tb" 2 2;
 .timescale -9 -12;
v0x5d58100b7850_0 .var "clk", 0 0;
v0x5d58100b7910_0 .var "din", 15 0;
v0x5d58100b79e0_0 .net "dout", 15 0, v0x5d58100b7410_0;  1 drivers
v0x5d58100b7ae0_0 .var "rst", 0 0;
v0x5d58100b7bb0_0 .var "valid_in", 0 0;
v0x5d58100b7ca0_0 .net "valid_out", 0 0, v0x5d58100b76d0_0;  1 drivers
S_0x5d58100a4630 .scope module, "uut" "fft" 2 8, 3 1 0, S_0x5d58100820e0;
 .timescale 0 0;
    .port_info 0 /INPUT 1 "clk"
    .port_info 1 /INPUT 1 "rst"
    .port_info 2 /INPUT 16 "din"
    .port_info 3 /INPUT 1 "valid_in"
    .port_info 4 /OUTPUT 16 "dout"
    .port_info 5 /OUTPUT 1 "valid_out"
P_0x5d58100a4800 .param/l "N" 0 3 1, +C4<00000000000000000000100000000000>;
v0x5d58100a4960_0 .net "clk", 0 0, v0x5d58100b7850_0;  1 drivers
v0x5d58100b7330_0 .net "din", 15 0, v0x5d58100b7910_0;  1 drivers
v0x5d58100b7410_0 .var "dout", 15 0;
v0x5d58100b7500_0 .net "rst", 0 0, v0x5d58100b7ae0_0;  1 drivers
v0x5d58100b75c0_0 .net "valid_in", 0 0, v0x5d58100b7bb0_0;  1 drivers
v0x5d58100b76d0_0 .var "valid_out", 0 0;
E_0x5d58100a2c60 .event posedge, v0x5d58100a4960_0;
    .scope S_0x5d58100a4630;
T_0 ;
    %wait E_0x5d58100a2c60;
    %load/vec4 v0x5d58100b7500_0;
    %flag_set/vec4 8;
    %jmp/0xz  T_0.0, 8;
    %pushi/vec4 0, 0, 16;
    %assign/vec4 v0x5d58100b7410_0, 0;
    %pushi/vec4 0, 0, 1;
    %assign/vec4 v0x5d58100b76d0_0, 0;
    %jmp T_0.1;
T_0.0 ;
    %load/vec4 v0x5d58100b75c0_0;
    %flag_set/vec4 8;
    %jmp/0xz  T_0.2, 8;
    %load/vec4 v0x5d58100b7330_0;
    %assign/vec4 v0x5d58100b7410_0, 0;
    %pushi/vec4 1, 0, 1;
    %assign/vec4 v0x5d58100b76d0_0, 0;
    %jmp T_0.3;
T_0.2 ;
    %pushi/vec4 0, 0, 1;
    %assign/vec4 v0x5d58100b76d0_0, 0;
T_0.3 ;
T_0.1 ;
    %jmp T_0;
    .thread T_0;
    .scope S_0x5d58100820e0;
T_1 ;
    %pushi/vec4 0, 0, 1;
    %store/vec4 v0x5d58100b7850_0, 0, 1;
    %pushi/vec4 1, 0, 1;
    %store/vec4 v0x5d58100b7ae0_0, 0, 1;
    %pushi/vec4 0, 0, 1;
    %store/vec4 v0x5d58100b7bb0_0, 0, 1;
    %pushi/vec4 0, 0, 16;
    %store/vec4 v0x5d58100b7910_0, 0, 16;
    %end;
    .thread T_1;
    .scope S_0x5d58100820e0;
T_2 ;
    %delay 5000, 0;
    %load/vec4 v0x5d58100b7850_0;
    %inv;
    %store/vec4 v0x5d58100b7850_0, 0, 1;
    %jmp T_2;
    .thread T_2;
    .scope S_0x5d58100820e0;
T_3 ;
    %vpi_call 2 13 "$dumpfile", "fft_tb.vcd" {0 0 0};
    %vpi_call 2 14 "$dumpvars", 32'sb00000000000000000000000000000000, S_0x5d58100820e0 {0 0 0};
    %delay 10000, 0;
    %pushi/vec4 0, 0, 1;
    %store/vec4 v0x5d58100b7ae0_0, 0, 1;
    %delay 10000, 0;
    %pushi/vec4 255, 0, 16;
    %store/vec4 v0x5d58100b7910_0, 0, 16;
    %pushi/vec4 1, 0, 1;
    %store/vec4 v0x5d58100b7bb0_0, 0, 1;
    %delay 10000, 0;
    %pushi/vec4 0, 0, 1;
    %store/vec4 v0x5d58100b7bb0_0, 0, 1;
    %delay 20000, 0;
    %vpi_call 2 19 "$display", "FFT TB done." {0 0 0};
    %vpi_call 2 20 "$finish" {0 0 0};
    %end;
    .thread T_3;
# The file index is used to find the file name in the following table.
:file_names 4;
    "N/A";
    "<interactive>";
    "tb/fft_tb.v";
    "rtl/dsp/fft.v";
