#! /usr/bin/vvp
:ivl_version "10.3 (stable)";
:ivl_delay_selection "TYPICAL";
:vpi_time_precision - 12;
:vpi_module "system";
:vpi_module "vhdl_sys";
:vpi_module "v2005_math";
:vpi_module "va_math";
S_0x5ded893be0d0 .scope module, "beamformer" "beamformer" 2 3;
 .timescale 0 0;
    .port_info 0 /INPUT 1 "clk"
    .port_info 1 /INPUT 1 "rst"
    .port_info 2 /INPUT 8 "in_data0"
    .port_info 3 /INPUT 8 "in_data1"
    .port_info 4 /INPUT 8 "in_data2"
    .port_info 5 /INPUT 8 "in_data3"
    .port_info 6 /INPUT 8 "weight0"
    .port_info 7 /INPUT 8 "weight1"
    .port_info 8 /INPUT 8 "weight2"
    .port_info 9 /INPUT 8 "weight3"
    .port_info 10 /OUTPUT 10 "out_data"
v0x5ded893fc360_0 .var "acc", 15 0;
o0x795948137048 .functor BUFZ 1, C4<z>; HiZ drive
v0x5ded89415090_0 .net "clk", 0 0, o0x795948137048;  0 drivers
o0x795948137078 .functor BUFZ 8, C4<zzzzzzzz>; HiZ drive
v0x5ded89415150_0 .net "in_data0", 7 0, o0x795948137078;  0 drivers
o0x7959481370a8 .functor BUFZ 8, C4<zzzzzzzz>; HiZ drive
v0x5ded89415240_0 .net "in_data1", 7 0, o0x7959481370a8;  0 drivers
o0x7959481370d8 .functor BUFZ 8, C4<zzzzzzzz>; HiZ drive
v0x5ded89415320_0 .net "in_data2", 7 0, o0x7959481370d8;  0 drivers
o0x795948137108 .functor BUFZ 8, C4<zzzzzzzz>; HiZ drive
v0x5ded89415450_0 .net "in_data3", 7 0, o0x795948137108;  0 drivers
v0x5ded89415530_0 .var "out_data", 9 0;
o0x795948137168 .functor BUFZ 1, C4<z>; HiZ drive
v0x5ded89415610_0 .net "rst", 0 0, o0x795948137168;  0 drivers
o0x795948137198 .functor BUFZ 8, C4<zzzzzzzz>; HiZ drive
v0x5ded894156d0_0 .net "weight0", 7 0, o0x795948137198;  0 drivers
o0x7959481371c8 .functor BUFZ 8, C4<zzzzzzzz>; HiZ drive
v0x5ded894157b0_0 .net "weight1", 7 0, o0x7959481371c8;  0 drivers
o0x7959481371f8 .functor BUFZ 8, C4<zzzzzzzz>; HiZ drive
v0x5ded89415890_0 .net "weight2", 7 0, o0x7959481371f8;  0 drivers
o0x795948137228 .functor BUFZ 8, C4<zzzzzzzz>; HiZ drive
v0x5ded89415970_0 .net "weight3", 7 0, o0x795948137228;  0 drivers
E_0x5ded893f95f0 .event posedge, v0x5ded89415610_0, v0x5ded89415090_0;
S_0x5ded893be250 .scope module, "fft" "fft" 3 1;
 .timescale 0 0;
    .port_info 0 /INPUT 1 "clk"
    .port_info 1 /INPUT 1 "rst"
    .port_info 2 /INPUT 16 "din"
    .port_info 3 /INPUT 1 "valid_in"
    .port_info 4 /OUTPUT 16 "dout"
    .port_info 5 /OUTPUT 1 "valid_out"
P_0x5ded893be3d0 .param/l "N" 0 3 1, +C4<00000000000000000000100000000000>;
o0x795948137468 .functor BUFZ 1, C4<z>; HiZ drive
v0x5ded89415c50_0 .net "clk", 0 0, o0x795948137468;  0 drivers
o0x795948137498 .functor BUFZ 16, C4<zzzzzzzzzzzzzzzz>; HiZ drive
v0x5ded89415d30_0 .net "din", 15 0, o0x795948137498;  0 drivers
v0x5ded89415e10_0 .var "dout", 15 0;
o0x7959481374f8 .functor BUFZ 1, C4<z>; HiZ drive
v0x5ded89415ed0_0 .net "rst", 0 0, o0x7959481374f8;  0 drivers
o0x795948137528 .functor BUFZ 1, C4<z>; HiZ drive
v0x5ded89415f90_0 .net "valid_in", 0 0, o0x795948137528;  0 drivers
v0x5ded89416050_0 .var "valid_out", 0 0;
E_0x5ded893f99d0 .event posedge, v0x5ded89415c50_0;
S_0x5ded893f56a0 .scope module, "ldpc_decoder" "ldpc_decoder" 4 1;
 .timescale 0 0;
    .port_info 0 /INPUT 1 "clk"
    .port_info 1 /INPUT 1 "rst"
    .port_info 2 /INPUT 128 "data_in"
    .port_info 3 /OUTPUT 128 "data_out"
    .port_info 4 /OUTPUT 1 "done"
o0x7959481376a8 .functor BUFZ 1, C4<z>; HiZ drive
v0x5ded89416210_0 .net "clk", 0 0, o0x7959481376a8;  0 drivers
o0x7959481376d8 .functor BUFZ 128, C4<zzzzzzzzzzzzzzzzzzzzzzzzzzzzzzzzzzzzzzzzzzzzzzzzzzzzzzzzzzzzzzzzzzzzzzzzzzzzzzzzzzzzzzzzzzzzzzzzzzzzzzzzzzzzzzzzzzzzzzzzzzzzzzzz>; HiZ drive
v0x5ded894162f0_0 .net "data_in", 127 0, o0x7959481376d8;  0 drivers
v0x5ded894163d0_0 .var "data_out", 127 0;
v0x5ded89416490_0 .var "done", 0 0;
o0x795948137768 .functor BUFZ 1, C4<z>; HiZ drive
v0x5ded89416550_0 .net "rst", 0 0, o0x795948137768;  0 drivers
E_0x5ded893f82b0 .event posedge, v0x5ded89416210_0;
S_0x5ded893f5850 .scope module, "tb_phy_pipeline" "tb_phy_pipeline" 5 3;
 .timescale -9 -12;
v0x5ded89416d50_0 .var "clk", 0 0;
v0x5ded89416e10_0 .var "data_in", 15 0;
v0x5ded89416ee0_0 .net "data_out", 15 0, v0x5ded89416af0_0;  1 drivers
v0x5ded89416fe0_0 .var "rst", 0 0;
S_0x5ded89416700 .scope module, "dut" "phy_pipeline" 5 10, 6 1 0, S_0x5ded893f5850;
 .timescale 0 0;
    .port_info 0 /INPUT 1 "clk"
    .port_info 1 /INPUT 1 "rst"
    .port_info 2 /INPUT 16 "data_in"
    .port_info 3 /OUTPUT 16 "data_out"
v0x5ded89416930_0 .net "clk", 0 0, v0x5ded89416d50_0;  1 drivers
v0x5ded89416a10_0 .net "data_in", 15 0, v0x5ded89416e10_0;  1 drivers
v0x5ded89416af0_0 .var "data_out", 15 0;
v0x5ded89416be0_0 .net "rst", 0 0, v0x5ded89416fe0_0;  1 drivers
E_0x5ded893fa190 .event posedge, v0x5ded89416930_0;
    .scope S_0x5ded893be0d0;
T_0 ;
    %wait E_0x5ded893f95f0;
    %load/vec4 v0x5ded89415610_0;
    %flag_set/vec4 8;
    %jmp/0xz  T_0.0, 8;
    %pushi/vec4 0, 0, 16;
    %assign/vec4 v0x5ded893fc360_0, 0;
    %pushi/vec4 0, 0, 10;
    %assign/vec4 v0x5ded89415530_0, 0;
    %jmp T_0.1;
T_0.0 ;
    %load/vec4 v0x5ded89415150_0;
    %pad/u 16;
    %load/vec4 v0x5ded894156d0_0;
    %pad/u 16;
    %mul;
    %load/vec4 v0x5ded89415240_0;
    %pad/u 16;
    %load/vec4 v0x5ded894157b0_0;
    %pad/u 16;
    %mul;
    %add;
    %load/vec4 v0x5ded89415320_0;
    %pad/u 16;
    %load/vec4 v0x5ded89415890_0;
    %pad/u 16;
    %mul;
    %add;
    %load/vec4 v0x5ded89415450_0;
    %pad/u 16;
    %load/vec4 v0x5ded89415970_0;
    %pad/u 16;
    %mul;
    %add;
    %assign/vec4 v0x5ded893fc360_0, 0;
    %load/vec4 v0x5ded893fc360_0;
    %parti/s 10, 6, 4;
    %assign/vec4 v0x5ded89415530_0, 0;
T_0.1 ;
    %jmp T_0;
    .thread T_0;
    .scope S_0x5ded893be250;
T_1 ;
    %wait E_0x5ded893f99d0;
    %load/vec4 v0x5ded89415ed0_0;
    %flag_set/vec4 8;
    %jmp/0xz  T_1.0, 8;
    %pushi/vec4 0, 0, 16;
    %assign/vec4 v0x5ded89415e10_0, 0;
    %pushi/vec4 0, 0, 1;
    %assign/vec4 v0x5ded89416050_0, 0;
    %jmp T_1.1;
T_1.0 ;
    %load/vec4 v0x5ded89415f90_0;
    %flag_set/vec4 8;
    %jmp/0xz  T_1.2, 8;
    %load/vec4 v0x5ded89415d30_0;
    %assign/vec4 v0x5ded89415e10_0, 0;
    %pushi/vec4 1, 0, 1;
    %assign/vec4 v0x5ded89416050_0, 0;
    %jmp T_1.3;
T_1.2 ;
    %pushi/vec4 0, 0, 1;
    %assign/vec4 v0x5ded89416050_0, 0;
T_1.3 ;
T_1.1 ;
    %jmp T_1;
    .thread T_1;
    .scope S_0x5ded893f56a0;
T_2 ;
    %wait E_0x5ded893f82b0;
    %load/vec4 v0x5ded89416550_0;
    %flag_set/vec4 8;
    %jmp/0xz  T_2.0, 8;
    %pushi/vec4 0, 0, 128;
    %assign/vec4 v0x5ded894163d0_0, 0;
    %pushi/vec4 0, 0, 1;
    %assign/vec4 v0x5ded89416490_0, 0;
    %jmp T_2.1;
T_2.0 ;
    %load/vec4 v0x5ded894162f0_0;
    %assign/vec4 v0x5ded894163d0_0, 0;
    %pushi/vec4 1, 0, 1;
    %assign/vec4 v0x5ded89416490_0, 0;
T_2.1 ;
    %jmp T_2;
    .thread T_2;
    .scope S_0x5ded89416700;
T_3 ;
    %wait E_0x5ded893fa190;
    %load/vec4 v0x5ded89416be0_0;
    %flag_set/vec4 8;
    %jmp/0xz  T_3.0, 8;
    %pushi/vec4 0, 0, 16;
    %assign/vec4 v0x5ded89416af0_0, 0;
    %jmp T_3.1;
T_3.0 ;
    %load/vec4 v0x5ded89416a10_0;
    %assign/vec4 v0x5ded89416af0_0, 0;
T_3.1 ;
    %jmp T_3;
    .thread T_3;
    .scope S_0x5ded893f5850;
T_4 ;
    %delay 5000, 0;
    %load/vec4 v0x5ded89416d50_0;
    %inv;
    %store/vec4 v0x5ded89416d50_0, 0, 1;
    %jmp T_4;
    .thread T_4;
    .scope S_0x5ded893f5850;
T_5 ;
    %pushi/vec4 0, 0, 1;
    %store/vec4 v0x5ded89416d50_0, 0, 1;
    %pushi/vec4 1, 0, 1;
    %store/vec4 v0x5ded89416fe0_0, 0, 1;
    %pushi/vec4 0, 0, 16;
    %store/vec4 v0x5ded89416e10_0, 0, 16;
    %delay 12000, 0;
    %pushi/vec4 0, 0, 1;
    %store/vec4 v0x5ded89416fe0_0, 0, 1;
    %delay 8000, 0;
    %pushi/vec4 4660, 0, 16;
    %store/vec4 v0x5ded89416e10_0, 0, 16;
    %delay 40000, 0;
    %pushi/vec4 43981, 0, 16;
    %store/vec4 v0x5ded89416e10_0, 0, 16;
    %delay 40000, 0;
    %pushi/vec4 0, 0, 16;
    %store/vec4 v0x5ded89416e10_0, 0, 16;
    %delay 40000, 0;
    %pushi/vec4 65535, 0, 16;
    %store/vec4 v0x5ded89416e10_0, 0, 16;
    %delay 40000, 0;
    %vpi_call 5 30 "$finish" {0 0 0};
    %end;
    .thread T_5;
    .scope S_0x5ded893f5850;
T_6 ;
    %vpi_call 5 34 "$dumpfile", "tb_phy_pipeline.vcd" {0 0 0};
    %vpi_call 5 35 "$dumpvars", 32'sb00000000000000000000000000000000, S_0x5ded893f5850 {0 0 0};
    %end;
    .thread T_6;
# The file index is used to find the file name in the following table.
:file_names 7;
    "N/A";
    "<interactive>";
    "rtl/beamforming/beamformer.v";
    "rtl/dsp/fft.v";
    "rtl/dsp/ldpc_decoder.v";
    "tb/tb_phy_pipeline.v";
    "rtl/baseband/phy_pipeline.v";
